TN:
SF:02-ratelimitter.js
FNF:0
FNH:0
DA:1,1
DA:2,1
DA:3,1
DA:4,1
DA:5,1
DA:6,1
DA:7,1
DA:8,1
DA:9,1
DA:10,1
DA:11,1
DA:12,1
DA:13,1
DA:14,13
DA:15,13
DA:16,13
DA:17,11
DA:18,11
DA:19,7
DA:20,11
DA:21,4
DA:22,4
DA:23,13
DA:24,2
DA:25,2
DA:26,2
DA:27,1
DA:28,1
DA:29,1
DA:30,1
DA:31,2
DA:32,1
DA:33,1
DA:34,1
DA:35,6
DA:36,1
DA:37,1
DA:38,1
DA:39,0
DA:40,1
DA:41,1
DA:42,1
LF:42
LH:41
BRDA:13,0,0,13
BRDA:16,1,0,11
BRDA:18,2,0,7
BRDA:20,3,0,4
BRDA:23,4,0,2
BRDA:30,5,0,2
BRDA:34,6,0,6
BRF:7
BRH:7
end_of_record
